Added Component: Designator=J10(TC2050-IDC)
Add component (AddParameter): Name = "Arrow Part Number"; Value = ""; VariantName = "[No Variations]"
Add component (AddParameter): Name = "Arrow Price/Stock"; Value = ""; VariantName = "[No Variations]"
Add component (AddParameter): Name = "Datasheet Link"; Value = "https://datasheet.datasheetarchive.com/originals/distributors/Datasheets_SAMA/51f607a36a24a0aceedaa5d6ebc30014.pdf"; VariantName = "[No Variations]"
Add component (AddParameter): Name = "Manufacturer_Name"; Value = "Tag Connect"; VariantName = "[No Variations]"
Add component (AddParameter): Name = "Manufacturer_Part_Number"; Value = "TC2050-IDC"; VariantName = "[No Variations]"
Add component (AddParameter): Name = "Mouser Part Number"; Value = ""; VariantName = "[No Variations]"
Add component (AddParameter): Name = "Mouser Price/Stock"; Value = ""; VariantName = "[No Variations]"
Add component (AddParameter): Name = "System"; Value = "Connector"; VariantName = "[No Variations]"
Added Pin To Net: NetName=T_VCC Pin=J10-1
Added Pin To Net: NetName=T_JTMS/T_SWDIO_CONN Pin=J10-2
Added Pin To Net: NetName=GND Pin=J10-3
Added Pin To Net: NetName=T_JCLK/T_SWCLK_CONN Pin=J10-4
Added Pin To Net: NetName=GND Pin=J10-5
Added Pin To Net: NetName=T_JTDO/T_SWO_CONN Pin=J10-6
Added Pin To Net: NetName=T_JRCLK/NC Pin=J10-7
Added Pin To Net: NetName=T_JTDI/NC_CONN Pin=J10-8
Added Pin To Net: NetName=GNDDetect Pin=J10-9
Added Pin To Net: NetName=T_NRST_CONN Pin=J10-10
Added Member To Class: ClassName=Designator Member=Component J10 TC2050-IDC
